<?xml version="1.0" encoding="UTF-8"?>
<!-- Generated by org.testng.reporters.JUnitReportReporter -->
<testsuite skipped="0" hostname="SW-LP06116.local" name="Demo.Test_Demo1" tests="1" failures="0" timestamp="2020-11-09T11:51:53 IST" time="12.752" errors="0">
  <testcase name="testcase1" time="12.752" classname="Demo.Test_Demo1"/>
  <system-out/>
</testsuite> <!-- Demo.Test_Demo1 -->
