<?xml version="1.0" encoding="UTF-8"?>
<!-- Generated by org.testng.reporters.JUnitReportReporter -->
<testsuite skipped="0" hostname="SW-LP06116.local" name="Demo.Demo1" tests="1" failures="0" timestamp="2020-11-09T10:27:49 IST" time="0.006" errors="0">
  <testcase name="testcase1" time="0.006" classname="Demo.Demo1"/>
  <system-out/>
</testsuite> <!-- Demo.Demo1 -->
